<?xml version="1.0" encoding="UTF-8"?>
<!-- Generated by org.testng.reporters.JUnitXMLReporter -->
<testsuite ignored="8" hostname="LIN80025068" failures="0" tests="3" name="test1" time="39.407" errors="0" timestamp="2022-08-22T14:10:13 IST">
  <testcase classname="testScenarios.IrctcHomePageTestt" name="homePageOperation" time="3.706"/>
  <testcase classname="testScenarios.IrctcBookPageTest" name="bookPageOperation" time="3.126"/>
  <testcase classname="testScenarios.IrctcLoginPageTest" name="loginPageOperation" time="17.171"/>
  <testcase classname="testScenarios.Driver" name="@AfterTest endReport" time="0.0">
    <ignored/>
  </testcase> <!-- @AfterTest endReport -->
  <testcase classname="testScenarios.Driver" name="@AfterTest endReport" time="0.0">
    <ignored/>
  </testcase> <!-- @AfterTest endReport -->
  <testcase classname="testScenarios.Driver" name="@BeforeTest setExtent" time="0.0">
    <ignored/>
  </testcase> <!-- @BeforeTest setExtent -->
  <testcase classname="testScenarios.Driver" name="@BeforeTest setExtent" time="0.0">
    <ignored/>
  </testcase> <!-- @BeforeTest setExtent -->
  <testcase classname="testScenarios.Driver" name="@BeforeTest setUp" time="0.0">
    <ignored/>
  </testcase> <!-- @BeforeTest setUp -->
  <testcase classname="testScenarios.Driver" name="@BeforeTest setUp" time="0.0">
    <ignored/>
  </testcase> <!-- @BeforeTest setUp -->
  <testcase classname="testScenarios.Driver" name="@AfterTest TeardownTest" time="0.0">
    <ignored/>
  </testcase> <!-- @AfterTest TeardownTest -->
  <testcase classname="testScenarios.Driver" name="@AfterTest TeardownTest" time="0.0">
    <ignored/>
  </testcase> <!-- @AfterTest TeardownTest -->
</testsuite> <!-- test1 -->
