<?xml version="1.0" encoding="UTF-8"?>
<!-- Generated by org.testng.reporters.JUnitXMLReporter -->
<testsuite ignored="8" hostname="LIN80025068" failures="0" tests="3" name="test1" time="37.29" errors="0" timestamp="2022-08-17T16:28:28 IST">
  <testcase classname="testScenarios.IrctcHomePageTestt" name="homePageOperation" time="4.212"/>
  <testcase classname="testScenarios.IrctcBookPageTest" name="bookPageOperation" time="2.342"/>
  <testcase classname="testScenarios.IrctcLoginPageTest" name="loginPageOperation" time="21.183"/>
  <testcase classname="testScenarios.Driver" name="@AfterTest TeardownTest" time="0.0">
    <ignored/>
  </testcase> <!-- @AfterTest TeardownTest -->
  <testcase classname="testScenarios.Driver" name="@AfterTest endReport" time="0.0">
    <ignored/>
  </testcase> <!-- @AfterTest endReport -->
  <testcase classname="testScenarios.Driver" name="@BeforeTest setExtent" time="0.0">
    <ignored/>
  </testcase> <!-- @BeforeTest setExtent -->
  <testcase classname="testScenarios.Driver" name="@BeforeTest setUp" time="0.0">
    <ignored/>
  </testcase> <!-- @BeforeTest setUp -->
  <testcase classname="testScenarios.Driver" name="@AfterTest TeardownTest" time="0.0">
    <ignored/>
  </testcase> <!-- @AfterTest TeardownTest -->
  <testcase classname="testScenarios.Driver" name="@AfterTest endReport" time="0.0">
    <ignored/>
  </testcase> <!-- @AfterTest endReport -->
  <testcase classname="testScenarios.Driver" name="@BeforeTest setExtent" time="0.0">
    <ignored/>
  </testcase> <!-- @BeforeTest setExtent -->
  <testcase classname="testScenarios.Driver" name="@BeforeTest setUp" time="0.0">
    <ignored/>
  </testcase> <!-- @BeforeTest setUp -->
</testsuite> <!-- test1 -->
