<?xml version="1.0" encoding="UTF-8"?>
<testsuite xmlns:xsi="http://www.w3.org/2001/XMLSchema-instance" xsi:noNamespaceSchemaLocation="https://maven.apache.org/surefire/maven-surefire-plugin/xsd/surefire-test-report-3.0.xsd" version="3.0" name="TestSuite" time="38.056" tests="3" errors="0" skipped="0" failures="0">
  <properties>
[...]
</properties>
  <testcase name="homePageOperation" classname="testScenarios.IrctcHomePageTestt" time="4.211">
    <system-out><![CDATA[08-17-2022 16:27:54 Driver.java INFO  [main] testScenarios.Driver 47 - Opening Browser
08-17-2022 16:27:59 Driver.java INFO  [main] testScenarios.Driver 54 - Opened browser
08-17-2022 16:28:00 IrctcHomePage.java WARN  [main] testScenarios.Driver 51 - Click OK on Covid pop-up alert
08-17-2022 16:28:01 IrctcHomePage.java INFO  [main] testScenarios.Driver 62 - Enter From source
08-17-2022 16:28:02 IrctcHomePage.java INFO  [main] testScenarios.Driver 73 - Enter destination source
08-17-2022 16:28:02 IrctcHomePage.java INFO  [main] testScenarios.Driver 85 - Select Ladies quota from the dropdown
08-17-2022 16:28:03 IrctcHomePage.java INFO  [main] testScenarios.Driver 94 - Select the date
08-17-2022 16:28:03 IrctcHomePage.java INFO  [main] testScenarios.Driver 101 - Select classes as 'AC 2 tier 2A' from dropdown
08-17-2022 16:28:03 IrctcHomePage.java INFO  [main] testScenarios.Driver 109 - Click 'Train with available berth' checkbox
08-17-2022 16:28:04 IrctcHomePage.java INFO  [main] testScenarios.Driver 118 - Click Search button
]]></system-out>
    <system-err><![CDATA[SLF4J: Failed to load class "org.slf4j.impl.StaticLoggerBinder".
SLF4J: Defaulting to no-operation (NOP) logger implementation
SLF4J: See http://www.slf4j.org/codes.html#StaticLoggerBinder for further details.
log4j:ERROR Could not find value for key log4j.appender.CONSOLE
log4j:ERROR Could not instantiate appender named "CONSOLE".
Starting ChromeDriver 104.0.5112.79 (3cf3e8c8a07d104b9e1260c910efb8f383285dc5-refs/branch-heads/5112@{#1307}) on port 18823
Only local connections are allowed.
Please see https://chromedriver.chromium.org/security-considerations for suggestions on keeping ChromeDriver safe.
ChromeDriver was started successfully.
Aug 17, 2022 4:27:54 PM org.openqa.selenium.remote.ProtocolHandshake createSession
INFO: Detected dialect: W3C
]]></system-err>
  </testcase>
  <testcase name="bookPageOperation" classname="testScenarios.IrctcBookPageTest" time="2.342">
    <system-out><![CDATA[08-17-2022 16:28:04 IrctcBookPage.java INFO  [main] testScenarios.Driver 52 - Click on 'Sort by duration' button
AJMER EXPRESS (16210)
08-17-2022 16:28:05 IrctcBookPage.java INFO  [main] testScenarios.Driver 60 - Click on 'Departure Late First' and printing all the list of Trains
UDYAN EXP (11302)
08-17-2022 16:28:05 IrctcBookPage.java INFO  [main] testScenarios.Driver 60 - Click on 'Departure Late First' and printing all the list of Trains
CBE LTT EXP (11014)
08-17-2022 16:28:05 IrctcBookPage.java INFO  [main] testScenarios.Driver 60 - Click on 'Departure Late First' and printing all the list of Trains
SAMPARK KRANTI (12629)
08-17-2022 16:28:05 IrctcBookPage.java INFO  [main] testScenarios.Driver 60 - Click on 'Departure Late First' and printing all the list of Trains
TEN DR EXPRESS (11022)
08-17-2022 16:28:05 IrctcBookPage.java INFO  [main] testScenarios.Driver 60 - Click on 'Departure Late First' and printing all the list of Trains
Train detains - 22:20 | KSR BENGALURU | Tue, 23 Aug
20:25
18:45 | PUNE JN | Wed, 24 Aug
The available train - Tue, 23 Aug
WL11
08-17-2022 16:28:05 IrctcBookPage.java INFO  [main] testScenarios.Driver 73 - Train details will be printed
08-17-2022 16:28:05 IrctcBookPage.java INFO  [main] testScenarios.Driver 79 - Select the 4th Train in the list
08-17-2022 16:28:05 IrctcBookPage.java INFO  [main] testScenarios.Driver 85 - Click on Book button
The Price Is - ₹ 520
08-17-2022 16:28:05 IrctcBookPage.java INFO  [main] testScenarios.Driver 92 - Train price will be printed
08-17-2022 16:28:05 IrctcBookPage.java INFO  [main] testScenarios.Driver 101 - Click on 'I agree' button
08-17-2022 16:28:06 IrctcBookPage.java INFO  [main] testScenarios.Driver 104 - Click on 'Yes button' button
]]></system-out>
  </testcase>
  <testcase name="loginPageOperation" classname="testScenarios.IrctcLoginPageTest" time="21.183">
    <system-out><![CDATA[08-17-2022 16:28:12 IrctcLoginPage.java INFO  [main] testScenarios.Driver 43 - Enter UserName
08-17-2022 16:28:12 IrctcLoginPage.java INFO  [main] testScenarios.Driver 51 - Enter Password
08-17-2022 16:28:19 IrctcLoginPage.java INFO  [main] testScenarios.Driver 59 - Click on Sign-in button
08-17-2022 16:28:23 IrctcLoginPage.java INFO  [main] testScenarios.Driver 73 - Invalid message should be displayed
]]></system-out>
  </testcase>
</testsuite>